TN:
SF:src/downloadFile.ts
FN:1,downloadFile
FN:7,rawFile.onreadystatechange
FNF:2
FNH:2
FNDA:9,downloadFile
FNDA:9,rawFile.onreadystatechange
DA:1,9
DA:2,9
DA:3,9
DA:4,9
DA:5,9
DA:6,9
DA:7,9
DA:8,9
DA:9,9
DA:10,9
DA:11,9
DA:12,9
DA:13,9
DA:14,9
DA:15,9
DA:16,9
DA:17,9
DA:18,9
DA:19,9
DA:20,9
DA:21,9
DA:22,9
DA:23,9
DA:24,2
DA:25,2
DA:26,2
DA:27,2
DA:28,2
DA:29,2
LF:29
LH:29
BRDA:1,0,0,9
BRDA:3,1,0,9
BRDA:7,2,0,9
BRF:3
BRH:3
end_of_record
TN:
SF:src/runScripts.ts
FN:1,runScripts
FNF:1
FNH:1
FNDA:7,runScripts
DA:1,7
DA:2,7
DA:3,7
DA:4,0
DA:5,0
DA:6,0
DA:7,0
DA:8,0
DA:9,0
DA:10,0
DA:11,7
DA:12,7
DA:13,2
DA:14,2
DA:15,2
DA:16,2
DA:17,2
DA:18,2
LF:18
LH:11
BRDA:1,0,0,7
BRF:1
BRH:1
end_of_record
TN:
SF:src/sf-nav.ts
FN:1338,SfNav
FN:660,SfNav.onKeyUp
FN:667,SfNav.dispatchMyEvent
FN:679,SfNav.resetSearch
FN:684,SfNav.resetMenu
FN:715,SfNav.hideAllLeftMenuElements
FN:726,SfNav.hideAllProfileMenuElements
FN:771,SfNav.toggleSearch
FN:795,SfNav.toggleNotif
FN:819,SfNav.toggleLeftMenu
FN:831,SfNav.toggleProfileMenu
FN:846,SfNav.toggleMainMenu
FN:864,SfNav.showProfile
FN:869,SfNav.hideProfile
FN:875,SfNav.toggleProfile
FN:883,SfNav.onToggle
FN:924,SfNav.decorateSlots
FN:926,decorateBrandInfo
FN:940,decorateLeftMenu
FN:959,decorateProfileMenu
FN:975,decorateMainMenu
FN:995,decorateNotifs
FN:1010,SfNav.copySlots
FN:1130,SfNav.getHome
FN:1143,SfNav.processRoute
FN:1179,SfNav.setupRouting
FN:1190,SfNav.initListeners
FN:1192,hideAllUls
FN:1208,assignToggleToLeftMenu
FN:1226,assignToggleToProfileMenu
FN:1242,assignMainMenu
FN:1298,assignSearch
FN:1309,assignNotif
FN:1321,assignProfile
FN:697,hideLeftMenuElement
FN:737,showLeftMenuElement
FN:758,showProfileMenuElement
FN:1342,firstUpdated
FN:1350,connectedCallback
FN:1354,render
FNF:40
FNH:40
FNDA:9,SfNav
FNDA:4,SfNav.onKeyUp
FNDA:17,SfNav.dispatchMyEvent
FNDA:1,SfNav.resetSearch
FNDA:9,SfNav.resetMenu
FNDA:3,SfNav.hideAllLeftMenuElements
FNDA:4,SfNav.hideAllProfileMenuElements
FNDA:3,SfNav.toggleSearch
FNDA:3,SfNav.toggleNotif
FNDA:3,SfNav.toggleLeftMenu
FNDA:4,SfNav.toggleProfileMenu
FNDA:2,SfNav.toggleMainMenu
FNDA:2,SfNav.showProfile
FNDA:10,SfNav.hideProfile
FNDA:3,SfNav.toggleProfile
FNDA:18,SfNav.onToggle
FNDA:7,SfNav.decorateSlots
FNDA:7,decorateBrandInfo
FNDA:7,decorateLeftMenu
FNDA:7,decorateProfileMenu
FNDA:7,decorateMainMenu
FNDA:7,decorateNotifs
FNDA:7,SfNav.copySlots
FNDA:5,SfNav.getHome
FNDA:16,SfNav.processRoute
FNDA:7,SfNav.setupRouting
FNDA:7,SfNav.initListeners
FNDA:5,hideAllUls
FNDA:7,assignToggleToLeftMenu
FNDA:7,assignToggleToProfileMenu
FNDA:7,assignMainMenu
FNDA:7,assignSearch
FNDA:7,assignNotif
FNDA:7,assignProfile
FNDA:14,hideLeftMenuElement
FNDA:1,showLeftMenuElement
FNDA:3,showProfileMenuElement
FNDA:7,firstUpdated
FNDA:7,connectedCallback
FNDA:7,render
DA:1,2
DA:2,2
DA:3,2
DA:4,2
DA:5,2
DA:6,2
DA:7,2
DA:8,2
DA:9,2
DA:10,2
DA:11,2
DA:12,2
DA:13,2
DA:14,2
DA:15,2
DA:16,2
DA:17,2
DA:18,2
DA:19,2
DA:20,2
DA:21,2
DA:22,2
DA:23,2
DA:24,2
DA:25,2
DA:26,2
DA:27,2
DA:28,2
DA:29,2
DA:30,2
DA:31,2
DA:32,2
DA:33,2
DA:34,2
DA:35,2
DA:36,2
DA:37,2
DA:38,2
DA:39,2
DA:40,2
DA:41,2
DA:42,2
DA:43,2
DA:44,2
DA:45,2
DA:46,2
DA:47,2
DA:48,2
DA:49,2
DA:50,2
DA:51,2
DA:52,2
DA:53,2
DA:54,2
DA:55,2
DA:56,2
DA:57,2
DA:58,2
DA:59,2
DA:60,2
DA:61,2
DA:62,2
DA:63,2
DA:64,2
DA:65,2
DA:66,2
DA:67,2
DA:68,2
DA:69,2
DA:70,2
DA:71,2
DA:72,2
DA:73,2
DA:74,2
DA:75,2
DA:76,2
DA:77,2
DA:78,2
DA:79,2
DA:80,2
DA:81,2
DA:82,2
DA:83,2
DA:84,2
DA:85,2
DA:86,2
DA:87,2
DA:88,2
DA:89,2
DA:90,2
DA:91,2
DA:92,2
DA:93,2
DA:94,2
DA:95,2
DA:96,2
DA:97,2
DA:98,2
DA:99,2
DA:100,2
DA:101,2
DA:102,2
DA:103,2
DA:104,2
DA:105,2
DA:106,2
DA:107,2
DA:108,2
DA:109,2
DA:110,2
DA:111,2
DA:112,2
DA:113,2
DA:114,2
DA:115,2
DA:116,2
DA:117,2
DA:118,2
DA:119,2
DA:120,2
DA:121,2
DA:122,2
DA:123,2
DA:124,2
DA:125,2
DA:126,2
DA:127,2
DA:128,2
DA:129,2
DA:130,2
DA:131,2
DA:132,2
DA:133,2
DA:134,2
DA:135,2
DA:136,2
DA:137,2
DA:138,2
DA:139,2
DA:140,2
DA:141,2
DA:142,2
DA:143,2
DA:144,2
DA:145,2
DA:146,2
DA:147,2
DA:148,2
DA:149,2
DA:150,2
DA:151,2
DA:152,2
DA:153,2
DA:154,2
DA:155,2
DA:156,2
DA:157,2
DA:158,2
DA:159,2
DA:160,2
DA:161,2
DA:162,2
DA:163,2
DA:164,2
DA:165,2
DA:166,2
DA:167,2
DA:168,2
DA:169,2
DA:170,2
DA:171,2
DA:172,2
DA:173,2
DA:174,2
DA:175,2
DA:176,2
DA:177,2
DA:178,2
DA:179,2
DA:180,2
DA:181,2
DA:182,2
DA:183,2
DA:184,2
DA:185,2
DA:186,2
DA:187,2
DA:188,2
DA:189,2
DA:190,2
DA:191,2
DA:192,2
DA:193,2
DA:194,2
DA:195,2
DA:196,2
DA:197,2
DA:198,2
DA:199,2
DA:200,2
DA:201,2
DA:202,2
DA:203,2
DA:204,2
DA:205,2
DA:206,2
DA:207,2
DA:208,2
DA:209,2
DA:210,2
DA:211,2
DA:212,2
DA:213,2
DA:214,2
DA:215,2
DA:216,2
DA:217,2
DA:218,2
DA:219,2
DA:220,2
DA:221,2
DA:222,2
DA:223,2
DA:224,2
DA:225,2
DA:226,2
DA:227,2
DA:228,2
DA:229,2
DA:230,2
DA:231,2
DA:232,2
DA:233,2
DA:234,2
DA:235,2
DA:236,2
DA:237,2
DA:238,2
DA:239,2
DA:240,2
DA:241,2
DA:242,2
DA:243,2
DA:244,2
DA:245,2
DA:246,2
DA:247,2
DA:248,2
DA:249,2
DA:250,2
DA:251,2
DA:252,2
DA:253,2
DA:254,2
DA:255,2
DA:256,2
DA:257,2
DA:258,2
DA:259,2
DA:260,2
DA:261,2
DA:262,2
DA:263,2
DA:264,2
DA:265,2
DA:266,2
DA:267,2
DA:268,2
DA:269,2
DA:270,2
DA:271,2
DA:272,2
DA:273,2
DA:274,2
DA:275,2
DA:276,2
DA:277,2
DA:278,2
DA:279,2
DA:280,2
DA:281,2
DA:282,2
DA:283,2
DA:284,2
DA:285,2
DA:286,2
DA:287,2
DA:288,2
DA:289,2
DA:290,2
DA:291,2
DA:292,2
DA:293,2
DA:294,2
DA:295,2
DA:296,2
DA:297,2
DA:298,2
DA:299,2
DA:300,2
DA:301,2
DA:302,2
DA:303,2
DA:304,2
DA:305,2
DA:306,2
DA:307,2
DA:308,2
DA:309,2
DA:310,2
DA:311,2
DA:312,2
DA:313,2
DA:314,2
DA:315,2
DA:316,2
DA:317,2
DA:318,2
DA:319,2
DA:320,2
DA:321,2
DA:322,2
DA:323,2
DA:324,2
DA:325,2
DA:326,2
DA:327,2
DA:328,2
DA:329,2
DA:330,2
DA:331,2
DA:332,2
DA:333,2
DA:334,2
DA:335,2
DA:336,2
DA:337,2
DA:338,2
DA:339,2
DA:340,2
DA:341,2
DA:342,2
DA:343,2
DA:344,2
DA:345,2
DA:346,2
DA:347,2
DA:348,2
DA:349,2
DA:350,2
DA:351,2
DA:352,2
DA:353,2
DA:354,2
DA:355,2
DA:356,2
DA:357,2
DA:358,2
DA:359,2
DA:360,2
DA:361,2
DA:362,2
DA:363,2
DA:364,2
DA:365,2
DA:366,2
DA:367,2
DA:368,2
DA:369,2
DA:370,2
DA:371,2
DA:372,2
DA:373,2
DA:374,2
DA:375,2
DA:376,2
DA:377,2
DA:378,2
DA:379,2
DA:380,2
DA:381,2
DA:382,2
DA:383,2
DA:384,2
DA:385,2
DA:386,2
DA:387,2
DA:388,2
DA:389,2
DA:390,2
DA:391,2
DA:392,2
DA:393,2
DA:394,2
DA:395,2
DA:396,2
DA:397,2
DA:398,2
DA:399,2
DA:400,2
DA:401,2
DA:402,2
DA:403,2
DA:404,2
DA:405,2
DA:406,2
DA:407,2
DA:408,2
DA:409,2
DA:410,2
DA:411,2
DA:412,2
DA:413,2
DA:414,2
DA:415,2
DA:416,2
DA:417,2
DA:418,2
DA:419,2
DA:420,2
DA:421,2
DA:422,2
DA:423,2
DA:424,2
DA:425,2
DA:426,2
DA:427,2
DA:428,2
DA:429,2
DA:430,2
DA:431,2
DA:432,2
DA:433,2
DA:434,2
DA:435,2
DA:436,2
DA:437,2
DA:438,2
DA:439,2
DA:440,2
DA:441,2
DA:442,2
DA:443,2
DA:444,2
DA:445,2
DA:446,2
DA:447,2
DA:448,2
DA:449,2
DA:450,2
DA:451,2
DA:452,2
DA:453,2
DA:454,2
DA:455,2
DA:456,2
DA:457,2
DA:458,2
DA:459,2
DA:460,2
DA:461,2
DA:462,2
DA:463,2
DA:464,2
DA:465,2
DA:466,2
DA:467,2
DA:468,2
DA:469,2
DA:470,2
DA:471,2
DA:472,2
DA:473,2
DA:474,2
DA:475,2
DA:476,2
DA:477,2
DA:478,2
DA:479,2
DA:480,2
DA:481,2
DA:482,2
DA:483,2
DA:484,2
DA:485,2
DA:486,2
DA:487,2
DA:488,2
DA:489,2
DA:490,2
DA:491,2
DA:492,2
DA:493,2
DA:494,2
DA:495,2
DA:496,2
DA:497,2
DA:498,2
DA:499,2
DA:500,2
DA:501,2
DA:502,2
DA:503,2
DA:504,2
DA:505,2
DA:506,2
DA:507,2
DA:508,2
DA:509,2
DA:510,2
DA:511,2
DA:512,2
DA:513,2
DA:514,2
DA:515,2
DA:516,2
DA:517,2
DA:518,2
DA:519,2
DA:520,2
DA:521,2
DA:522,2
DA:523,2
DA:524,2
DA:525,2
DA:526,2
DA:527,2
DA:528,2
DA:529,2
DA:530,2
DA:531,2
DA:532,2
DA:533,2
DA:534,2
DA:535,2
DA:536,2
DA:537,2
DA:538,2
DA:539,2
DA:540,2
DA:541,2
DA:542,2
DA:543,2
DA:544,2
DA:545,2
DA:546,2
DA:547,2
DA:548,2
DA:549,2
DA:550,2
DA:551,2
DA:552,2
DA:553,2
DA:554,2
DA:555,2
DA:556,2
DA:557,2
DA:558,2
DA:559,2
DA:560,2
DA:561,2
DA:562,2
DA:563,2
DA:564,2
DA:565,2
DA:566,2
DA:567,2
DA:568,2
DA:569,2
DA:570,2
DA:571,2
DA:572,2
DA:573,2
DA:574,2
DA:575,2
DA:576,2
DA:577,2
DA:578,2
DA:579,2
DA:580,2
DA:581,2
DA:582,2
DA:583,2
DA:584,2
DA:585,2
DA:586,2
DA:587,2
DA:588,2
DA:589,2
DA:590,2
DA:591,2
DA:592,2
DA:593,2
DA:594,2
DA:595,2
DA:596,2
DA:597,2
DA:598,2
DA:599,2
DA:600,2
DA:601,2
DA:602,2
DA:603,2
DA:604,2
DA:605,2
DA:606,2
DA:607,2
DA:608,2
DA:609,2
DA:610,2
DA:611,2
DA:612,2
DA:613,2
DA:614,2
DA:615,2
DA:616,2
DA:617,2
DA:618,2
DA:619,2
DA:620,2
DA:621,2
DA:622,2
DA:623,2
DA:624,2
DA:625,2
DA:626,2
DA:627,2
DA:628,2
DA:629,2
DA:630,2
DA:631,2
DA:632,2
DA:633,2
DA:634,2
DA:635,2
DA:636,2
DA:637,2
DA:638,2
DA:639,2
DA:640,2
DA:641,2
DA:642,2
DA:643,2
DA:644,2
DA:645,2
DA:646,2
DA:647,2
DA:648,2
DA:649,2
DA:650,2
DA:651,2
DA:652,2
DA:653,2
DA:654,2
DA:655,2
DA:656,2
DA:657,2
DA:658,2
DA:659,2
DA:660,2
DA:661,4
DA:662,1
DA:663,1
DA:664,1
DA:665,4
DA:666,2
DA:667,2
DA:668,17
DA:669,17
DA:670,1
DA:671,1
DA:672,17
DA:673,16
DA:674,16
DA:675,16
DA:676,17
DA:677,17
DA:678,2
DA:679,2
DA:680,1
DA:681,1
DA:682,1
DA:683,2
DA:684,2
DA:685,9
DA:686,9
DA:687,9
DA:688,9
DA:689,27
DA:690,18
DA:691,18
DA:692,27
DA:693,9
DA:694,9
DA:695,9
DA:696,2
DA:697,2
DA:698,14
DA:699,14
DA:700,14
DA:701,14
DA:702,14
DA:703,14
DA:704,14
DA:705,2
DA:706,2
DA:707,2
DA:708,2
DA:709,2
DA:710,2
DA:711,2
DA:712,2
DA:713,2
DA:714,2
DA:715,2
DA:716,3
DA:717,3
DA:718,9
DA:719,9
DA:720,6
DA:721,6
DA:722,9
DA:723,3
DA:724,3
DA:725,2
DA:726,2
DA:727,4
DA:728,4
DA:729,12
DA:730,12
DA:731,8
DA:732,8
DA:733,12
DA:734,4
DA:735,4
DA:736,2
DA:737,2
DA:738,1
DA:739,1
DA:740,1
DA:741,1
DA:742,1
DA:743,1
DA:744,1
DA:745,1
DA:746,1
DA:747,1
DA:748,1
DA:749,1
DA:750,1
DA:751,1
DA:752,1
DA:753,1
DA:754,1
DA:755,1
DA:756,1
DA:757,2
DA:758,2
DA:759,3
DA:760,3
DA:761,3
DA:762,3
DA:763,3
DA:764,3
DA:765,3
DA:766,3
DA:767,3
DA:768,3
DA:769,3
DA:770,2
DA:771,2
DA:772,3
DA:773,3
DA:774,3
DA:775,1
DA:776,1
DA:777,3
DA:778,2
DA:779,2
DA:780,2
DA:781,2
DA:782,2
DA:783,2
DA:784,2
DA:785,2
DA:786,1
DA:787,1
DA:788,1
DA:789,1
DA:790,2
DA:791,2
DA:792,2
DA:793,3
DA:794,2
DA:795,2
DA:796,3
DA:797,3
DA:798,3
DA:799,1
DA:800,1
DA:801,3
DA:802,2
DA:803,2
DA:804,2
DA:805,2
DA:806,2
DA:807,2
DA:808,2
DA:809,2
DA:810,1
DA:811,1
DA:812,1
DA:813,1
DA:814,2
DA:815,2
DA:816,2
DA:817,3
DA:818,2
DA:819,2
DA:820,3
DA:821,1
DA:822,1
DA:823,1
DA:824,3
DA:825,2
DA:826,2
DA:827,2
DA:828,3
DA:829,3
DA:830,2
DA:831,2
DA:832,4
DA:833,4
DA:834,4
DA:835,1
DA:836,1
DA:837,1
DA:838,4
DA:839,3
DA:840,3
DA:841,3
DA:842,4
DA:843,4
DA:844,4
DA:845,2
DA:846,2
DA:847,2
DA:848,2
DA:849,2
DA:850,2
DA:851,1
DA:852,1
DA:853,1
DA:854,1
DA:855,1
DA:856,1
DA:857,1
DA:858,1
DA:859,2
DA:860,2
DA:861,2
DA:862,2
DA:863,2
DA:864,2
DA:865,2
DA:866,2
DA:867,2
DA:868,2
DA:869,2
DA:870,10
DA:871,10
DA:872,10
DA:873,10
DA:874,2
DA:875,2
DA:876,3
DA:877,1
DA:878,3
DA:879,2
DA:880,2
DA:881,3
DA:882,2
DA:883,2
DA:884,18
DA:885,18
DA:886,3
DA:887,3
DA:888,3
DA:889,15
DA:890,18
DA:891,3
DA:892,3
DA:893,3
DA:894,3
DA:895,3
DA:896,18
DA:897,18
DA:898,3
DA:899,3
DA:900,3
DA:901,3
DA:902,3
DA:903,9
DA:904,15
DA:905,4
DA:906,4
DA:907,4
DA:908,5
DA:909,18
DA:910,3
DA:911,3
DA:912,3
DA:913,11
DA:914,11
DA:915,11
DA:916,11
DA:917,11
DA:918,11
DA:919,11
DA:920,18
DA:921,18
DA:922,18
DA:923,2
DA:924,2
DA:925,7
DA:926,7
DA:927,7
DA:928,7
DA:929,7
DA:930,7
DA:931,7
DA:932,7
DA:933,7
DA:934,7
DA:935,7
DA:936,7
DA:937,7
DA:938,7
DA:939,7
DA:940,7
DA:941,7
DA:942,7
DA:943,7
DA:944,21
DA:945,21
DA:946,21
DA:947,14
DA:948,14
DA:949,14
DA:950,14
DA:951,14
DA:952,14
DA:953,21
DA:954,21
DA:955,7
DA:956,7
DA:957,7
DA:958,7
DA:959,7
DA:960,7
DA:961,7
DA:962,5
DA:963,15
DA:964,15
DA:965,15
DA:966,10
DA:967,10
DA:968,10
DA:969,15
DA:970,15
DA:971,5
DA:972,7
DA:973,7
DA:974,7
DA:975,7
DA:976,7
DA:977,7
DA:978,7
DA:979,49
DA:980,49
DA:981,49
DA:982,49
DA:983,14
DA:984,14
DA:985,14
DA:986,14
DA:987,14
DA:988,14
DA:989,14
DA:990,49
DA:991,49
DA:992,7
DA:993,7
DA:994,7
DA:995,7
DA:996,7
DA:997,7
DA:998,1
DA:999,1
DA:1000,7
DA:1001,7
DA:1002,7
DA:1003,7
DA:1004,7
DA:1005,7
DA:1006,7
DA:1007,7
DA:1008,7
DA:1009,2
DA:1010,2
DA:1011,7
DA:1012,7
DA:1013,7
DA:1014,7
DA:1015,7
DA:1016,7
DA:1017,7
DA:1018,7
DA:1019,7
DA:1020,7
DA:1021,7
DA:1022,7
DA:1023,7
DA:1024,7
DA:1025,7
DA:1026,7
DA:1027,7
DA:1028,7
DA:1029,7
DA:1030,7
DA:1031,7
DA:1032,7
DA:1033,7
DA:1034,7
DA:1035,7
DA:1036,7
DA:1037,7
DA:1038,7
DA:1039,7
DA:1040,7
DA:1041,7
DA:1042,7
DA:1043,0
DA:1044,0
DA:1045,0
DA:1046,0
DA:1047,7
DA:1048,7
DA:1049,7
DA:1050,7
DA:1051,7
DA:1052,7
DA:1053,7
DA:1054,7
DA:1055,7
DA:1056,7
DA:1057,7
DA:1058,7
DA:1059,7
DA:1060,6
DA:1061,6
DA:1062,6
DA:1063,6
DA:1064,6
DA:1065,6
DA:1066,6
DA:1067,7
DA:1068,7
DA:1069,7
DA:1070,7
DA:1071,7
DA:1072,7
DA:1073,7
DA:1074,7
DA:1075,7
DA:1076,7
DA:1077,7
DA:1078,6
DA:1079,6
DA:1080,6
DA:1081,6
DA:1082,7
DA:1083,7
DA:1084,7
DA:1085,5
DA:1086,5
DA:1087,7
DA:1088,2
DA:1089,2
DA:1090,7
DA:1091,7
DA:1092,7
DA:1093,7
DA:1094,7
DA:1095,7
DA:1096,7
DA:1097,7
DA:1098,7
DA:1099,7
DA:1100,7
DA:1101,7
DA:1102,7
DA:1103,7
DA:1104,7
DA:1105,7
DA:1106,7
DA:1107,6
DA:1108,6
DA:1109,7
DA:1110,7
DA:1111,7
DA:1112,7
DA:1113,7
DA:1114,7
DA:1115,7
DA:1116,7
DA:1117,7
DA:1118,7
DA:1119,7
DA:1120,6
DA:1121,6
DA:1122,7
DA:1123,7
DA:1124,5
DA:1125,5
DA:1126,7
DA:1127,7
DA:1128,7
DA:1129,2
DA:1130,2
DA:1131,5
DA:1132,5
DA:1133,5
DA:1134,5
DA:1135,5
DA:1136,5
DA:1137,5
DA:1138,5
DA:1139,5
DA:1140,5
DA:1141,5
DA:1142,2
DA:1143,2
DA:1144,16
DA:1145,16
DA:1146,16
DA:1147,16
DA:1148,16
DA:1149,16
DA:1150,11
DA:1151,11
DA:1152,5
DA:1153,11
DA:1154,6
DA:1155,6
DA:1156,16
DA:1157,5
DA:1158,5
DA:1159,16
DA:1160,16
DA:1161,16
DA:1162,9
DA:1163,9
DA:1164,9
DA:1165,9
DA:1166,9
DA:1167,16
DA:1168,7
DA:1169,7
DA:1170,7
DA:1171,7
DA:1172,7
DA:1173,7
DA:1174,7
DA:1175,7
DA:1176,16
DA:1177,16
DA:1178,2
DA:1179,2
DA:1180,7
DA:1181,9
DA:1182,9
DA:1183,9
DA:1184,9
DA:1185,9
DA:1186,9
DA:1187,7
DA:1188,7
DA:1189,2
DA:1190,2
DA:1191,7
DA:1192,7
DA:1193,5
DA:1194,5
DA:1195,5
DA:1196,35
DA:1197,35
DA:1198,35
DA:1199,10
DA:1200,10
DA:1201,10
DA:1202,10
DA:1203,35
DA:1204,35
DA:1205,5
DA:1206,5
DA:1207,7
DA:1208,7
DA:1209,7
DA:1210,7
DA:1211,7
DA:1212,7
DA:1213,7
DA:1214,7
DA:1215,7
DA:1216,7
DA:1217,21
DA:1218,21
DA:1219,21
DA:1220,21
DA:1221,21
DA:1222,7
DA:1223,7
DA:1224,7
DA:1225,7
DA:1226,7
DA:1227,7
DA:1228,7
DA:1229,5
DA:1230,5
DA:1231,15
DA:1232,15
DA:1233,15
DA:1234,15
DA:1235,15
DA:1236,15
DA:1237,5
DA:1238,5
DA:1239,7
DA:1240,7
DA:1241,7
DA:1242,7
DA:1243,7
DA:1244,7
DA:1245,7
DA:1246,49
DA:1247,49
DA:1248,49
DA:1249,14
DA:1250,14
DA:1251,2
DA:1252,2
DA:1253,2
DA:1254,2
DA:1255,2
DA:1256,2
DA:1257,2
DA:1258,2
DA:1259,2
DA:1260,2
DA:1261,2
DA:1262,2
DA:1263,2
DA:1264,2
DA:1265,2
DA:1266,2
DA:1267,2
DA:1268,1
DA:1269,1
DA:1270,2
DA:1271,2
DA:1272,2
DA:1273,14
DA:1274,49
DA:1275,35
DA:1276,35
DA:1277,35
DA:1278,35
DA:1279,35
DA:1280,35
DA:1281,35
DA:1282,2
DA:1283,2
DA:1284,1
DA:1285,1
DA:1286,1
DA:1287,1
DA:1288,1
DA:1289,2
DA:1290,35
DA:1291,35
DA:1292,35
DA:1293,49
DA:1294,49
DA:1295,7
DA:1296,7
DA:1297,7
DA:1298,7
DA:1299,7
DA:1300,7
DA:1301,7
DA:1302,7
DA:1303,7
DA:1304,7
DA:1305,7
DA:1306,7
DA:1307,7
DA:1308,7
DA:1309,7
DA:1310,7
DA:1311,7
DA:1312,7
DA:1313,7
DA:1314,7
DA:1315,7
DA:1316,7
DA:1317,21
DA:1318,21
DA:1319,7
DA:1320,7
DA:1321,7
DA:1322,7
DA:1323,7
DA:1324,7
DA:1325,7
DA:1326,7
DA:1327,7
DA:1328,7
DA:1329,7
DA:1330,7
DA:1331,7
DA:1332,7
DA:1333,7
DA:1334,7
DA:1335,7
DA:1336,7
DA:1337,2
DA:1338,2
DA:1339,9
DA:1340,9
DA:1341,2
DA:1342,2
DA:1343,7
DA:1344,7
DA:1345,7
DA:1346,7
DA:1347,7
DA:1348,7
DA:1349,2
DA:1350,2
DA:1351,7
DA:1352,7
DA:1353,2
DA:1354,2
DA:1355,7
DA:1356,7
DA:1357,7
DA:1358,7
DA:1359,7
DA:1360,7
DA:1361,7
DA:1362,7
DA:1363,7
DA:1364,7
DA:1365,7
DA:1366,7
DA:1367,7
DA:1368,7
DA:1369,7
DA:1370,7
DA:1371,7
DA:1372,7
DA:1373,7
DA:1374,7
DA:1375,7
DA:1376,7
DA:1377,7
DA:1378,7
DA:1379,7
DA:1380,7
DA:1381,7
DA:1382,7
DA:1383,7
DA:1384,7
DA:1385,7
DA:1386,7
DA:1387,7
DA:1388,7
DA:1389,7
DA:1390,7
DA:1391,7
DA:1392,7
DA:1393,7
DA:1394,7
DA:1395,7
DA:1396,7
DA:1397,7
DA:1398,7
DA:1399,7
DA:1400,7
DA:1401,7
DA:1402,7
DA:1403,7
DA:1404,7
DA:1405,7
DA:1406,7
DA:1407,7
DA:1408,7
DA:1409,7
DA:1410,7
DA:1411,7
DA:1412,7
DA:1413,7
DA:1414,7
DA:1415,7
DA:1416,7
DA:1417,7
DA:1418,7
DA:1419,7
DA:1420,7
DA:1421,7
DA:1422,7
DA:1423,7
DA:1424,7
DA:1425,7
DA:1426,2
DA:1427,2
DA:1428,2
DA:1429,2
DA:1430,2
DA:1431,2
DA:1432,2
DA:1433,2
LF:1433
LH:1429
BRDA:1338,0,0,9
BRDA:667,1,0,32
BRDA:669,2,0,1
BRDA:726,3,0,4
BRDA:728,4,0,12
BRDA:730,5,0,8
BRDA:831,6,0,4
BRDA:834,7,0,1
BRDA:838,8,0,3
BRDA:864,9,0,2
BRDA:869,10,0,10
BRDA:875,11,0,3
BRDA:876,12,0,1
BRDA:878,13,0,2
BRDA:883,14,0,28
BRDA:885,15,0,16
BRDA:885,16,0,3
BRDA:889,17,0,31
BRDA:890,18,0,3
BRDA:897,19,0,3
BRDA:903,20,0,20
BRDA:908,21,0,5
BRDA:909,22,0,4
BRDA:909,23,0,14
BRDA:924,24,0,7
BRDA:926,25,0,7
BRDA:940,26,0,7
BRDA:943,27,0,21
BRDA:946,28,0,14
BRDA:959,29,0,11
BRDA:962,30,0,15
BRDA:965,31,0,10
BRDA:975,32,0,7
BRDA:978,33,0,49
BRDA:982,34,0,14
BRDA:995,35,0,7
BRDA:997,36,0,1
BRDA:1010,37,0,35
BRDA:1042,38,0,0
BRDA:1042,39,0,0
BRDA:1087,40,0,2
BRDA:1130,41,0,5
BRDA:1143,42,0,32
BRDA:1146,43,0,11
BRDA:1149,44,0,22
BRDA:1167,45,0,7
BRDA:1179,46,0,16
BRDA:1190,47,0,57
BRDA:1208,48,0,7
BRDA:1216,49,0,21
BRDA:1226,50,0,11
BRDA:1230,51,0,15
BRDA:1242,52,0,7
BRDA:1245,53,0,49
BRDA:1248,54,0,17
BRDA:1274,55,0,38
BRDA:1298,56,0,7
BRDA:1309,57,0,7
BRDA:1316,58,0,21
BRDA:1317,59,0,0
BRDA:1317,60,0,0
BRDA:1317,61,0,0
BRDA:1317,62,0,0
BRDA:1321,63,0,7
BRDA:697,64,0,14
BRDA:758,65,0,3
BRDA:1342,66,0,7
BRDA:1350,67,0,7
BRDA:1354,68,0,11
BRDA:660,69,0,4
BRDA:661,70,0,1
BRDA:672,71,0,32
BRDA:679,72,0,1
BRDA:684,73,0,9
BRDA:688,74,0,27
BRDA:689,75,0,18
BRDA:715,76,0,3
BRDA:717,77,0,9
BRDA:719,78,0,6
BRDA:771,79,0,3
BRDA:774,80,0,1
BRDA:777,81,0,2
BRDA:785,82,0,1
BRDA:795,83,0,3
BRDA:798,84,0,1
BRDA:801,85,0,2
BRDA:809,86,0,1
BRDA:819,87,0,3
BRDA:820,88,0,1
BRDA:824,89,0,2
BRDA:846,90,0,2
BRDA:850,91,0,1
BRDA:890,92,0,31
BRDA:890,93,0,31
BRDA:897,94,0,28
BRDA:897,95,0,28
BRDA:903,96,0,20
BRDA:904,97,0,20
BRDA:909,98,0,14
BRDA:961,99,0,11
BRDA:1059,100,0,35
BRDA:1077,101,0,35
BRDA:1084,102,0,35
BRDA:1106,103,0,35
BRDA:1119,104,0,35
BRDA:1123,105,0,35
BRDA:1146,106,0,32
BRDA:1151,107,0,22
BRDA:1153,108,0,22
BRDA:1156,109,0,32
BRDA:1161,110,0,32
BRDA:1180,111,0,16
BRDA:1192,112,0,57
BRDA:1195,113,0,57
BRDA:1198,114,0,57
BRDA:1228,115,0,11
BRDA:1250,116,0,17
BRDA:1267,117,0,17
BRDA:1281,118,0,38
BRDA:1283,119,0,38
BRDA:737,120,0,1
BRDA:1375,121,0,11
BRF:122
BRH:116
end_of_record
