TN:
SF:src/downloadFile.ts
FN:1,downloadFile
FN:7,rawFile.onreadystatechange
FNF:2
FNH:2
FNDA:4,downloadFile
FNDA:4,rawFile.onreadystatechange
DA:1,4
DA:2,4
DA:3,4
DA:4,4
DA:5,4
DA:6,4
DA:7,4
DA:8,4
DA:9,4
DA:10,4
DA:11,4
DA:12,4
DA:13,4
DA:14,4
DA:15,4
DA:16,4
DA:17,4
DA:18,4
DA:19,4
DA:20,4
DA:21,4
DA:22,4
DA:23,4
DA:24,4
DA:25,4
DA:26,4
DA:27,4
DA:28,4
DA:29,4
DA:30,4
DA:31,4
DA:32,4
DA:33,4
DA:34,4
DA:35,4
DA:36,4
DA:37,4
DA:38,4
DA:39,4
DA:40,4
DA:41,4
DA:42,4
DA:43,4
DA:44,4
DA:45,4
DA:46,4
DA:47,4
DA:48,4
DA:49,4
DA:50,1
DA:51,1
DA:52,1
DA:53,1
DA:54,1
DA:55,1
LF:55
LH:55
BRDA:1,0,0,4
BRDA:3,1,0,4
BRDA:7,2,0,4
BRF:3
BRH:3
end_of_record
TN:
SF:src/sf-nav.ts
FN:1002,SfNav
FN:509,SfNav.onKeyUp
FN:515,SfNav.dispatchMyEvent
FN:527,SfNav.resetMenu
FN:548,SfNav.hideAllLeftMenuElements
FN:580,SfNav.toggleSearch
FN:604,SfNav.toggleNotif
FN:628,SfNav.toggleLeftMenu
FN:640,SfNav.toggleMainMenu
FN:662,SfNav.onToggle
FN:694,SfNav.decorateSlots
FN:696,decorateBrandInfo
FN:710,decorateLeftMenu
FN:729,decorateMainMenu
FN:755,SfNav.copySlots
FN:817,SfNav.getHome
FN:830,SfNav.processRoute
FN:871,SfNav.setupRouting
FN:880,SfNav.initListeners
FN:882,hideAllUls
FN:898,assignToggleToLeftMenu
FN:916,assignMainMenu
FN:972,assignSearch
FN:983,assignNotif
FN:539,hideLeftMenuElement
FN:559,showLeftMenuElement
FN:1006,firstUpdated
FN:1014,connectedCallback
FN:1018,render
FNF:29
FNH:29
FNDA:4,SfNav
FNDA:4,SfNav.onKeyUp
FNDA:9,SfNav.dispatchMyEvent
FNDA:5,SfNav.resetMenu
FNDA:3,SfNav.hideAllLeftMenuElements
FNDA:3,SfNav.toggleSearch
FNDA:3,SfNav.toggleNotif
FNDA:3,SfNav.toggleLeftMenu
FNDA:2,SfNav.toggleMainMenu
FNDA:11,SfNav.onToggle
FNDA:3,SfNav.decorateSlots
FNDA:3,decorateBrandInfo
FNDA:3,decorateLeftMenu
FNDA:3,decorateMainMenu
FNDA:3,SfNav.copySlots
FNDA:2,SfNav.getHome
FNDA:8,SfNav.processRoute
FNDA:3,SfNav.setupRouting
FNDA:3,SfNav.initListeners
FNDA:5,hideAllUls
FNDA:3,assignToggleToLeftMenu
FNDA:3,assignMainMenu
FNDA:3,assignSearch
FNDA:3,assignNotif
FNDA:6,hideLeftMenuElement
FNDA:1,showLeftMenuElement
FNDA:3,firstUpdated
FNDA:3,connectedCallback
FNDA:3,render
DA:1,1
DA:2,1
DA:3,1
DA:4,1
DA:5,1
DA:6,1
DA:7,1
DA:8,1
DA:9,1
DA:10,1
DA:11,1
DA:12,1
DA:13,1
DA:14,1
DA:15,1
DA:16,1
DA:17,1
DA:18,1
DA:19,1
DA:20,1
DA:21,1
DA:22,1
DA:23,1
DA:24,1
DA:25,1
DA:26,1
DA:27,1
DA:28,1
DA:29,1
DA:30,1
DA:31,1
DA:32,1
DA:33,1
DA:34,1
DA:35,1
DA:36,1
DA:37,1
DA:38,1
DA:39,1
DA:40,1
DA:41,1
DA:42,1
DA:43,1
DA:44,1
DA:45,1
DA:46,1
DA:47,1
DA:48,1
DA:49,1
DA:50,1
DA:51,1
DA:52,1
DA:53,1
DA:54,1
DA:55,1
DA:56,1
DA:57,1
DA:58,1
DA:59,1
DA:60,1
DA:61,1
DA:62,1
DA:63,1
DA:64,1
DA:65,1
DA:66,1
DA:67,1
DA:68,1
DA:69,1
DA:70,1
DA:71,1
DA:72,1
DA:73,1
DA:74,1
DA:75,1
DA:76,1
DA:77,1
DA:78,1
DA:79,1
DA:80,1
DA:81,1
DA:82,1
DA:83,1
DA:84,1
DA:85,1
DA:86,1
DA:87,1
DA:88,1
DA:89,1
DA:90,1
DA:91,1
DA:92,1
DA:93,1
DA:94,1
DA:95,1
DA:96,1
DA:97,1
DA:98,1
DA:99,1
DA:100,1
DA:101,1
DA:102,1
DA:103,1
DA:104,1
DA:105,1
DA:106,1
DA:107,1
DA:108,1
DA:109,1
DA:110,1
DA:111,1
DA:112,1
DA:113,1
DA:114,1
DA:115,1
DA:116,1
DA:117,1
DA:118,1
DA:119,1
DA:120,1
DA:121,1
DA:122,1
DA:123,1
DA:124,1
DA:125,1
DA:126,1
DA:127,1
DA:128,1
DA:129,1
DA:130,1
DA:131,1
DA:132,1
DA:133,1
DA:134,1
DA:135,1
DA:136,1
DA:137,1
DA:138,1
DA:139,1
DA:140,1
DA:141,1
DA:142,1
DA:143,1
DA:144,1
DA:145,1
DA:146,1
DA:147,1
DA:148,1
DA:149,1
DA:150,1
DA:151,1
DA:152,1
DA:153,1
DA:154,1
DA:155,1
DA:156,1
DA:157,1
DA:158,1
DA:159,1
DA:160,1
DA:161,1
DA:162,1
DA:163,1
DA:164,1
DA:165,1
DA:166,1
DA:167,1
DA:168,1
DA:169,1
DA:170,1
DA:171,1
DA:172,1
DA:173,1
DA:174,1
DA:175,1
DA:176,1
DA:177,1
DA:178,1
DA:179,1
DA:180,1
DA:181,1
DA:182,1
DA:183,1
DA:184,1
DA:185,1
DA:186,1
DA:187,1
DA:188,1
DA:189,1
DA:190,1
DA:191,1
DA:192,1
DA:193,1
DA:194,1
DA:195,1
DA:196,1
DA:197,1
DA:198,1
DA:199,1
DA:200,1
DA:201,1
DA:202,1
DA:203,1
DA:204,1
DA:205,1
DA:206,1
DA:207,1
DA:208,1
DA:209,1
DA:210,1
DA:211,1
DA:212,1
DA:213,1
DA:214,1
DA:215,1
DA:216,1
DA:217,1
DA:218,1
DA:219,1
DA:220,1
DA:221,1
DA:222,1
DA:223,1
DA:224,1
DA:225,1
DA:226,1
DA:227,1
DA:228,1
DA:229,1
DA:230,1
DA:231,1
DA:232,1
DA:233,1
DA:234,1
DA:235,1
DA:236,1
DA:237,1
DA:238,1
DA:239,1
DA:240,1
DA:241,1
DA:242,1
DA:243,1
DA:244,1
DA:245,1
DA:246,1
DA:247,1
DA:248,1
DA:249,1
DA:250,1
DA:251,1
DA:252,1
DA:253,1
DA:254,1
DA:255,1
DA:256,1
DA:257,1
DA:258,1
DA:259,1
DA:260,1
DA:261,1
DA:262,1
DA:263,1
DA:264,1
DA:265,1
DA:266,1
DA:267,1
DA:268,1
DA:269,1
DA:270,1
DA:271,1
DA:272,1
DA:273,1
DA:274,1
DA:275,1
DA:276,1
DA:277,1
DA:278,1
DA:279,1
DA:280,1
DA:281,1
DA:282,1
DA:283,1
DA:284,1
DA:285,1
DA:286,1
DA:287,1
DA:288,1
DA:289,1
DA:290,1
DA:291,1
DA:292,1
DA:293,1
DA:294,1
DA:295,1
DA:296,1
DA:297,1
DA:298,1
DA:299,1
DA:300,1
DA:301,1
DA:302,1
DA:303,1
DA:304,1
DA:305,1
DA:306,1
DA:307,1
DA:308,1
DA:309,1
DA:310,1
DA:311,1
DA:312,1
DA:313,1
DA:314,1
DA:315,1
DA:316,1
DA:317,1
DA:318,1
DA:319,1
DA:320,1
DA:321,1
DA:322,1
DA:323,1
DA:324,1
DA:325,1
DA:326,1
DA:327,1
DA:328,1
DA:329,1
DA:330,1
DA:331,1
DA:332,1
DA:333,1
DA:334,1
DA:335,1
DA:336,1
DA:337,1
DA:338,1
DA:339,1
DA:340,1
DA:341,1
DA:342,1
DA:343,1
DA:344,1
DA:345,1
DA:346,1
DA:347,1
DA:348,1
DA:349,1
DA:350,1
DA:351,1
DA:352,1
DA:353,1
DA:354,1
DA:355,1
DA:356,1
DA:357,1
DA:358,1
DA:359,1
DA:360,1
DA:361,1
DA:362,1
DA:363,1
DA:364,1
DA:365,1
DA:366,1
DA:367,1
DA:368,1
DA:369,1
DA:370,1
DA:371,1
DA:372,1
DA:373,1
DA:374,1
DA:375,1
DA:376,1
DA:377,1
DA:378,1
DA:379,1
DA:380,1
DA:381,1
DA:382,1
DA:383,1
DA:384,1
DA:385,1
DA:386,1
DA:387,1
DA:388,1
DA:389,1
DA:390,1
DA:391,1
DA:392,1
DA:393,1
DA:394,1
DA:395,1
DA:396,1
DA:397,1
DA:398,1
DA:399,1
DA:400,1
DA:401,1
DA:402,1
DA:403,1
DA:404,1
DA:405,1
DA:406,1
DA:407,1
DA:408,1
DA:409,1
DA:410,1
DA:411,1
DA:412,1
DA:413,1
DA:414,1
DA:415,1
DA:416,1
DA:417,1
DA:418,1
DA:419,1
DA:420,1
DA:421,1
DA:422,1
DA:423,1
DA:424,1
DA:425,1
DA:426,1
DA:427,1
DA:428,1
DA:429,1
DA:430,1
DA:431,1
DA:432,1
DA:433,1
DA:434,1
DA:435,1
DA:436,1
DA:437,1
DA:438,1
DA:439,1
DA:440,1
DA:441,1
DA:442,1
DA:443,1
DA:444,1
DA:445,1
DA:446,1
DA:447,1
DA:448,1
DA:449,1
DA:450,1
DA:451,1
DA:452,1
DA:453,1
DA:454,1
DA:455,1
DA:456,1
DA:457,1
DA:458,1
DA:459,1
DA:460,1
DA:461,1
DA:462,1
DA:463,1
DA:464,1
DA:465,1
DA:466,1
DA:467,1
DA:468,1
DA:469,1
DA:470,1
DA:471,1
DA:472,1
DA:473,1
DA:474,1
DA:475,1
DA:476,1
DA:477,1
DA:478,1
DA:479,1
DA:480,1
DA:481,1
DA:482,1
DA:483,1
DA:484,1
DA:485,1
DA:486,1
DA:487,1
DA:488,1
DA:489,1
DA:490,1
DA:491,1
DA:492,1
DA:493,1
DA:494,1
DA:495,1
DA:496,1
DA:497,1
DA:498,1
DA:499,1
DA:500,1
DA:501,1
DA:502,1
DA:503,1
DA:504,1
DA:505,1
DA:506,1
DA:507,1
DA:508,1
DA:509,1
DA:510,4
DA:511,1
DA:512,1
DA:513,4
DA:514,1
DA:515,1
DA:516,9
DA:517,9
DA:518,1
DA:519,1
DA:520,9
DA:521,8
DA:522,8
DA:523,8
DA:524,9
DA:525,9
DA:526,1
DA:527,1
DA:528,5
DA:529,5
DA:530,5
DA:531,5
DA:532,5
DA:533,15
DA:534,10
DA:535,10
DA:536,15
DA:537,5
DA:538,1
DA:539,1
DA:540,6
DA:541,6
DA:542,6
DA:543,6
DA:544,6
DA:545,6
DA:546,6
DA:547,1
DA:548,1
DA:549,3
DA:550,3
DA:551,9
DA:552,9
DA:553,6
DA:554,6
DA:555,9
DA:556,3
DA:557,3
DA:558,1
DA:559,1
DA:560,1
DA:561,1
DA:562,1
DA:563,1
DA:564,1
DA:565,1
DA:566,1
DA:567,1
DA:568,1
DA:569,1
DA:570,1
DA:571,1
DA:572,1
DA:573,1
DA:574,1
DA:575,1
DA:576,1
DA:577,1
DA:578,1
DA:579,1
DA:580,1
DA:581,3
DA:582,3
DA:583,3
DA:584,1
DA:585,1
DA:586,3
DA:587,2
DA:588,2
DA:589,2
DA:590,2
DA:591,2
DA:592,2
DA:593,2
DA:594,2
DA:595,1
DA:596,1
DA:597,1
DA:598,1
DA:599,2
DA:600,2
DA:601,2
DA:602,3
DA:603,1
DA:604,1
DA:605,3
DA:606,3
DA:607,3
DA:608,1
DA:609,1
DA:610,3
DA:611,2
DA:612,2
DA:613,2
DA:614,2
DA:615,2
DA:616,2
DA:617,2
DA:618,2
DA:619,1
DA:620,1
DA:621,1
DA:622,1
DA:623,2
DA:624,2
DA:625,2
DA:626,3
DA:627,1
DA:628,1
DA:629,3
DA:630,1
DA:631,1
DA:632,1
DA:633,3
DA:634,2
DA:635,2
DA:636,2
DA:637,3
DA:638,3
DA:639,1
DA:640,1
DA:641,2
DA:642,2
DA:643,2
DA:644,2
DA:645,1
DA:646,1
DA:647,1
DA:648,1
DA:649,1
DA:650,1
DA:651,1
DA:652,1
DA:653,2
DA:654,2
DA:655,2
DA:656,2
DA:657,2
DA:658,2
DA:659,2
DA:660,2
DA:661,1
DA:662,1
DA:663,11
DA:664,11
DA:665,3
DA:666,3
DA:667,3
DA:668,3
DA:669,3
DA:670,8
DA:671,8
DA:672,11
DA:673,3
DA:674,3
DA:675,3
DA:676,3
DA:677,3
DA:678,11
DA:679,11
DA:680,3
DA:681,3
DA:682,3
DA:683,2
DA:684,2
DA:685,2
DA:686,2
DA:687,2
DA:688,2
DA:689,2
DA:690,11
DA:691,11
DA:692,11
DA:693,1
DA:694,1
DA:695,3
DA:696,3
DA:697,3
DA:698,3
DA:699,3
DA:700,3
DA:701,3
DA:702,3
DA:703,3
DA:704,3
DA:705,3
DA:706,3
DA:707,3
DA:708,3
DA:709,3
DA:710,3
DA:711,3
DA:712,3
DA:713,3
DA:714,9
DA:715,9
DA:716,9
DA:717,6
DA:718,6
DA:719,6
DA:720,6
DA:721,6
DA:722,6
DA:723,9
DA:724,9
DA:725,3
DA:726,3
DA:727,3
DA:728,3
DA:729,3
DA:730,3
DA:731,3
DA:732,3
DA:733,21
DA:734,21
DA:735,21
DA:736,21
DA:737,6
DA:738,6
DA:739,6
DA:740,6
DA:741,6
DA:742,6
DA:743,6
DA:744,21
DA:745,21
DA:746,3
DA:747,3
DA:748,3
DA:749,3
DA:750,3
DA:751,3
DA:752,3
DA:753,3
DA:754,1
DA:755,1
DA:756,3
DA:757,3
DA:758,3
DA:759,3
DA:760,3
DA:761,3
DA:762,3
DA:763,3
DA:764,3
DA:765,3
DA:766,3
DA:767,3
DA:768,3
DA:769,3
DA:770,3
DA:771,3
DA:772,3
DA:773,3
DA:774,3
DA:775,3
DA:776,3
DA:777,3
DA:778,3
DA:779,3
DA:780,3
DA:781,3
DA:782,3
DA:783,3
DA:784,3
DA:785,3
DA:786,3
DA:787,3
DA:788,3
DA:789,3
DA:790,3
DA:791,3
DA:792,3
DA:793,3
DA:794,3
DA:795,3
DA:796,3
DA:797,3
DA:798,3
DA:799,3
DA:800,3
DA:801,3
DA:802,3
DA:803,3
DA:804,3
DA:805,3
DA:806,3
DA:807,3
DA:808,3
DA:809,3
DA:810,3
DA:811,3
DA:812,3
DA:813,3
DA:814,3
DA:815,3
DA:816,1
DA:817,1
DA:818,2
DA:819,2
DA:820,2
DA:821,2
DA:822,2
DA:823,2
DA:824,2
DA:825,2
DA:826,2
DA:827,2
DA:828,2
DA:829,1
DA:830,1
DA:831,8
DA:832,8
DA:833,8
DA:834,8
DA:835,8
DA:836,8
DA:837,6
DA:838,6
DA:839,6
DA:840,3
DA:841,3
DA:842,3
DA:843,3
DA:844,8
DA:845,2
DA:846,2
DA:847,8
DA:848,8
DA:849,8
DA:850,4
DA:851,4
DA:852,4
DA:853,4
DA:854,4
DA:855,4
DA:856,4
DA:857,4
DA:858,4
DA:859,0
DA:860,0
DA:861,0
DA:862,0
DA:863,0
DA:864,0
DA:865,0
DA:866,4
DA:867,4
DA:868,8
DA:869,8
DA:870,1
DA:871,1
DA:872,3
DA:873,5
DA:874,5
DA:875,5
DA:876,5
DA:877,3
DA:878,3
DA:879,1
DA:880,1
DA:881,3
DA:882,3
DA:883,5
DA:884,5
DA:885,5
DA:886,35
DA:887,35
DA:888,35
DA:889,10
DA:890,10
DA:891,10
DA:892,10
DA:893,35
DA:894,35
DA:895,5
DA:896,5
DA:897,3
DA:898,3
DA:899,3
DA:900,3
DA:901,3
DA:902,3
DA:903,3
DA:904,3
DA:905,3
DA:906,3
DA:907,9
DA:908,9
DA:909,9
DA:910,9
DA:911,9
DA:912,3
DA:913,3
DA:914,3
DA:915,3
DA:916,3
DA:917,3
DA:918,3
DA:919,3
DA:920,21
DA:921,21
DA:922,21
DA:923,6
DA:924,6
DA:925,2
DA:926,2
DA:927,2
DA:928,2
DA:929,2
DA:930,2
DA:931,2
DA:932,2
DA:933,2
DA:934,2
DA:935,2
DA:936,2
DA:937,2
DA:938,2
DA:939,2
DA:940,2
DA:941,2
DA:942,1
DA:943,1
DA:944,2
DA:945,2
DA:946,2
DA:947,6
DA:948,21
DA:949,15
DA:950,15
DA:951,15
DA:952,15
DA:953,15
DA:954,15
DA:955,15
DA:956,2
DA:957,2
DA:958,1
DA:959,1
DA:960,1
DA:961,1
DA:962,1
DA:963,2
DA:964,15
DA:965,15
DA:966,15
DA:967,21
DA:968,21
DA:969,3
DA:970,3
DA:971,3
DA:972,3
DA:973,3
DA:974,3
DA:975,3
DA:976,3
DA:977,3
DA:978,3
DA:979,3
DA:980,3
DA:981,3
DA:982,3
DA:983,3
DA:984,3
DA:985,3
DA:986,3
DA:987,3
DA:988,3
DA:989,3
DA:990,3
DA:991,9
DA:992,9
DA:993,3
DA:994,3
DA:995,3
DA:996,3
DA:997,3
DA:998,3
DA:999,3
DA:1000,3
DA:1001,1
DA:1002,1
DA:1003,4
DA:1004,4
DA:1005,1
DA:1006,1
DA:1007,3
DA:1008,3
DA:1009,3
DA:1010,3
DA:1011,3
DA:1012,3
DA:1013,1
DA:1014,1
DA:1015,3
DA:1016,3
DA:1017,1
DA:1018,1
DA:1019,3
DA:1020,3
DA:1021,3
DA:1022,3
DA:1023,3
DA:1024,3
DA:1025,3
DA:1026,3
DA:1027,3
DA:1028,3
DA:1029,3
DA:1030,3
DA:1031,3
DA:1032,3
DA:1033,3
DA:1034,3
DA:1035,3
DA:1036,3
DA:1037,3
DA:1038,3
DA:1039,3
DA:1040,3
DA:1041,3
DA:1042,3
DA:1043,3
DA:1044,3
DA:1045,3
DA:1046,3
DA:1047,3
DA:1048,3
DA:1049,3
DA:1050,3
DA:1051,3
DA:1052,3
DA:1053,3
DA:1054,3
DA:1055,3
DA:1056,3
DA:1057,3
DA:1058,3
DA:1059,3
DA:1060,3
DA:1061,3
DA:1062,3
DA:1063,3
DA:1064,3
DA:1065,3
DA:1066,3
DA:1067,3
DA:1068,3
DA:1069,3
DA:1070,3
DA:1071,3
DA:1072,3
DA:1073,3
DA:1074,3
DA:1075,1
DA:1076,1
DA:1077,1
DA:1078,1
DA:1079,1
DA:1080,1
DA:1081,1
DA:1082,1
LF:1082
LH:1075
BRDA:1002,0,0,4
BRDA:509,1,0,4
BRDA:510,2,0,1
BRDA:515,3,0,9
BRDA:517,4,0,1
BRDA:520,5,0,8
BRDA:527,6,0,5
BRDA:532,7,0,15
BRDA:533,8,0,10
BRDA:548,9,0,3
BRDA:550,10,0,9
BRDA:552,11,0,6
BRDA:580,12,0,3
BRDA:583,13,0,1
BRDA:586,14,0,2
BRDA:594,15,0,1
BRDA:604,16,0,3
BRDA:607,17,0,1
BRDA:610,18,0,2
BRDA:618,19,0,1
BRDA:628,20,0,3
BRDA:629,21,0,1
BRDA:633,22,0,2
BRDA:640,23,0,2
BRDA:644,24,0,1
BRDA:662,25,0,11
BRDA:664,26,0,8
BRDA:664,27,0,8
BRDA:664,28,0,3
BRDA:670,29,0,8
BRDA:672,30,0,5
BRDA:672,31,0,5
BRDA:672,32,0,5
BRDA:672,33,0,3
BRDA:679,34,0,3
BRDA:679,35,0,2
BRDA:679,36,0,3
BRDA:683,37,0,2
BRDA:694,38,0,3
BRDA:696,39,0,3
BRDA:710,40,0,3
BRDA:713,41,0,9
BRDA:716,42,0,6
BRDA:729,43,0,3
BRDA:732,44,0,21
BRDA:736,45,0,6
BRDA:755,46,0,3
BRDA:817,47,0,2
BRDA:830,48,0,8
BRDA:833,49,0,6
BRDA:833,50,0,2
BRDA:836,51,0,6
BRDA:839,52,0,3
BRDA:844,53,0,2
BRDA:849,54,0,4
BRDA:871,55,0,3
BRDA:872,56,0,5
BRDA:880,57,0,3
BRDA:882,58,0,5
BRDA:885,59,0,35
BRDA:888,60,0,10
BRDA:898,61,0,3
BRDA:906,62,0,9
BRDA:916,63,0,3
BRDA:919,64,0,21
BRDA:922,65,0,6
BRDA:948,66,0,15
BRDA:924,67,0,2
BRDA:941,68,0,1
BRDA:955,69,0,2
BRDA:957,70,0,1
BRDA:972,71,0,3
BRDA:983,72,0,3
BRDA:990,73,0,9
BRDA:539,74,0,6
BRDA:559,75,0,1
BRDA:1006,76,0,3
BRDA:1014,77,0,3
BRDA:1018,78,0,3
BRDA:1036,79,0,4
BRF:80
BRH:80
end_of_record
